<?xml version="1.0" encoding="UTF-8"?>
<!-- Generated by org.testng.reporters.JUnitReportReporter -->
<testsuite hostname="LAPTOP-92E2MQUJ" failures="0" tests="2" name="testrcb.TestRCB" time="0.024" errors="0" timestamp="2022-12-31T16:41:34 IST" skipped="0">
  <testcase classname="testrcb.TestRCB" name="verifyonlyAtleastOneWicketKeeper" time="0.022"/>
  <system-out/>
  <testcase classname="testrcb.TestRCB" name="verifyonlyFourForeignPlayers" time="0.002"/>
  <system-out/>
</testsuite> <!-- testrcb.TestRCB -->
