<?xml version="1.0" encoding="UTF-8"?>
<!-- Generated by org.testng.reporters.JUnitReportReporter -->
<testsuite hostname="LAPTOP-92E2MQUJ" failures="0" tests="2" name="testrcb.TestRCB" time="0.029" errors="0" timestamp="2022-12-31T16:48:27 IST" skipped="0">
  <testcase classname="testrcb.TestRCB" name="verifyonlyFourForeignPlayers" time="0.005"/>
  <system-out/>
  <testcase classname="testrcb.TestRCB" name="verifyonlyAtleastOneWicketKeeper" time="0.024"/>
  <system-out/>
</testsuite> <!-- testrcb.TestRCB -->
