<?xml version="1.0" encoding="UTF-8"?>
<!-- Generated by org.testng.reporters.JUnitReportReporter -->
<testsuite hostname="LAPTOP-92E2MQUJ" failures="0" tests="2" name="testrcb.TestRCB" time="0.013" errors="0" timestamp="2022-12-31T17:05:56 IST" skipped="0">
  <testcase classname="testrcb.TestRCB" name="verifyOnlyFourForeignPlayers" time="0.003"/>
  <system-out/>
  <testcase classname="testrcb.TestRCB" name="verifyAtleastOneWicketKeeper" time="0.010"/>
  <system-out/>
</testsuite> <!-- testrcb.TestRCB -->
